2021-10-06 16:43:01.029  INFO 20232 --- [TestNG-test=SequenceTest-1] com.example.demo.SequenceTest            : Starting SequenceTest using Java 1.8.0_281 on jiangchaodeMBP with PID 20232 (/Users/jiangchao/Downloads/Spring Boot/demo/target/test-classes started by jiangchao in /Users/jiangchao/Downloads/Spring Boot/demo)
2021-10-06 16:43:01.031  INFO 20232 --- [TestNG-test=SequenceTest-1] com.example.demo.SequenceTest            : The following profiles are active: dev
2021-10-06 16:43:02.445  INFO 20232 --- [TestNG-test=SequenceTest-1] com.example.demo.SequenceTest            : Started SequenceTest in 1.731 seconds (JVM running for 2.676)
2021-10-06 16:43:02.465  INFO 20232 --- [TestNG-test=SequenceTest-1] com.example.demo.SequenceTest            : beforeTest0
2021-10-06 16:43:02.577  INFO 20232 --- [TestNG-test=SequenceTest-1] com.example.demo.SequenceTest            : test1 + sequence 
2021-10-06 16:43:02.594  INFO 20232 --- [TestNG-test=SequenceTest-1] com.example.demo.SequenceTest            : test2+ sequence + filter2
2021-10-06 16:43:02.601  INFO 20232 --- [TestNG-test=SequenceTest-1] com.example.demo.SequenceTest            : test3 + sequence + filter1 
2021-10-06 16:43:02.607  INFO 20232 --- [TestNG-test=SequenceTest-1] com.example.demo.SequenceTest            : test4 + sequence + filter1
2021-10-06 16:43:02.612  INFO 20232 --- [TestNG-test=SequenceTest-1] com.example.demo.SequenceTest            : test5+sequence+param
2021-10-06 17:03:49.582  INFO 20414 --- [TestNG-test=DemoApplicationTests-1] com.example.demo.DemoApplicationTests    : Starting DemoApplicationTests using Java 1.8.0_281 on jiangchaodeMBP with PID 20414 (/Users/jiangchao/Downloads/Spring Boot/demo/target/test-classes started by jiangchao in /Users/jiangchao/Downloads/Spring Boot/demo)
2021-10-06 17:03:49.583  INFO 20414 --- [TestNG-test=DemoApplicationTests-1] com.example.demo.DemoApplicationTests    : The following profiles are active: dev
2021-10-06 17:03:50.910  INFO 20414 --- [TestNG-test=DemoApplicationTests-1] com.example.demo.DemoApplicationTests    : Started DemoApplicationTests in 1.644 seconds (JVM running for 2.534)
2021-10-06 17:03:51.026  INFO 20414 --- [TestNG-test=DemoApplicationTests-1] com.example.demo.DemoApplicationTests    : url: jdbc:mysql://127.0.0.1:3306/spring-boot-demo?useUnicode=true&characterEncoding=UTF-8&useSSL=false&autoReconnect=true&failOverReadOnly=false&serverTimezone=GMT%2B8
2021-10-06 17:23:10.915  INFO 20516 --- [TestNG-test=SequenceTest-1] com.example.demo.SequenceTest            : Starting SequenceTest using Java 1.8.0_281 on jiangchaodeMBP with PID 20516 (/Users/jiangchao/Downloads/Spring Boot/demo/target/test-classes started by jiangchao in /Users/jiangchao/Downloads/Spring Boot/demo)
2021-10-06 17:23:10.915  INFO 20516 --- [TestNG-test=SequenceTest-1] com.example.demo.SequenceTest            : The following profiles are active: dev
2021-10-06 17:23:12.390  INFO 20516 --- [TestNG-test=SequenceTest-1] com.example.demo.SequenceTest            : Started SequenceTest in 1.794 seconds (JVM running for 2.883)
2021-10-06 17:23:12.412  INFO 20516 --- [TestNG-test=SequenceTest-1] com.example.demo.SequenceTest            : beforeTest0
2021-10-06 17:23:12.540  INFO 20516 --- [TestNG-test=SequenceTest-1] com.example.demo.SequenceTest            : test1 + sequence 
2021-10-06 17:23:12.560  INFO 20516 --- [TestNG-test=SequenceTest-1] com.example.demo.SequenceTest            : test2+ sequence + filter2
2021-10-06 17:23:12.568  INFO 20516 --- [TestNG-test=SequenceTest-1] com.example.demo.SequenceTest            : test3 + sequence + filter1 
2021-10-06 17:23:12.573  INFO 20516 --- [TestNG-test=SequenceTest-1] com.example.demo.SequenceTest            : test4 + sequence + filter1
2021-10-06 17:23:12.580  INFO 20516 --- [TestNG-test=SequenceTest-1] com.example.demo.SequenceTest            : test5+sequence+param
2021-10-06 17:23:58.309  INFO 20576 --- [TestNG-test=SequenceTest-1] com.example.demo.SequenceTest            : Starting SequenceTest using Java 1.8.0_281 on jiangchaodeMBP with PID 20576 (/Users/jiangchao/Downloads/Spring Boot/demo/target/test-classes started by jiangchao in /Users/jiangchao/Downloads/Spring Boot/demo)
2021-10-06 17:23:58.310  INFO 20576 --- [TestNG-test=SequenceTest-1] com.example.demo.SequenceTest            : The following profiles are active: dev
2021-10-06 17:23:59.683  INFO 20576 --- [TestNG-test=SequenceTest-1] com.example.demo.SequenceTest            : Started SequenceTest in 1.678 seconds (JVM running for 2.63)
2021-10-06 17:23:59.699  INFO 20576 --- [TestNG-test=SequenceTest-1] com.example.demo.SequenceTest            : beforeTest0
2021-10-06 17:23:59.791  INFO 20576 --- [TestNG-test=SequenceTest-1] com.example.demo.SequenceTest            : test1 + sequence 
2021-10-06 17:23:59.807  INFO 20576 --- [TestNG-test=SequenceTest-1] com.example.demo.SequenceTest            : test2+ sequence + filter2
2021-10-06 17:23:59.814  INFO 20576 --- [TestNG-test=SequenceTest-1] com.example.demo.SequenceTest            : test3 + sequence + filter1 
2021-10-06 17:23:59.819  INFO 20576 --- [TestNG-test=SequenceTest-1] com.example.demo.SequenceTest            : test4 + sequence + filter1
2021-10-06 17:23:59.824  INFO 20576 --- [TestNG-test=SequenceTest-1] com.example.demo.SequenceTest            : test5+sequence+param
2021-10-06 17:30:36.589  INFO 20639 --- [TestNG-test=SequenceTest-1] com.example.demo.SequenceTest            : Starting SequenceTest using Java 1.8.0_281 on jiangchaodeMBP with PID 20639 (/Users/jiangchao/Downloads/Spring Boot/demo/target/test-classes started by jiangchao in /Users/jiangchao/Downloads/Spring Boot/demo)
2021-10-06 17:30:36.591  INFO 20639 --- [TestNG-test=SequenceTest-1] com.example.demo.SequenceTest            : The following profiles are active: dev
2021-10-06 17:30:37.935  INFO 20639 --- [TestNG-test=SequenceTest-1] com.example.demo.SequenceTest            : Started SequenceTest in 1.665 seconds (JVM running for 2.595)
2021-10-06 17:30:37.951  INFO 20639 --- [TestNG-test=SequenceTest-1] com.example.demo.SequenceTest            : beforeTest0
2021-10-06 17:30:38.046  INFO 20639 --- [TestNG-test=SequenceTest-1] com.example.demo.SequenceTest            : test1 + sequence 
2021-10-06 17:30:38.058  INFO 20639 --- [TestNG-test=SequenceTest-1] com.example.demo.SequenceTest            : test2+ sequence + filter2
2021-10-06 17:30:38.063  INFO 20639 --- [TestNG-test=SequenceTest-1] com.example.demo.SequenceTest            : test3 + sequence + filter1 
2021-10-06 17:30:38.068  INFO 20639 --- [TestNG-test=SequenceTest-1] com.example.demo.SequenceTest            : test4 + sequence + filter1
2021-10-06 17:30:38.074  INFO 20639 --- [TestNG-test=SequenceTest-1] com.example.demo.SequenceTest            : test5+sequence+param
2021-10-06 17:31:05.707  INFO 20681 --- [TestNG-test=SequenceTest-1] com.example.demo.SequenceTest            : Starting SequenceTest using Java 1.8.0_281 on jiangchaodeMBP with PID 20681 (/Users/jiangchao/Downloads/Spring Boot/demo/target/test-classes started by jiangchao in /Users/jiangchao/Downloads/Spring Boot/demo)
2021-10-06 17:31:05.709  INFO 20681 --- [TestNG-test=SequenceTest-1] com.example.demo.SequenceTest            : The following profiles are active: dev
2021-10-06 17:31:07.041  INFO 20681 --- [TestNG-test=SequenceTest-1] com.example.demo.SequenceTest            : Started SequenceTest in 1.641 seconds (JVM running for 2.552)
2021-10-06 17:31:07.061  INFO 20681 --- [TestNG-test=SequenceTest-1] com.example.demo.SequenceTest            : beforeTest0
2021-10-06 17:31:07.165  INFO 20681 --- [TestNG-test=SequenceTest-1] com.example.demo.SequenceTest            : test1 + sequence 
2021-10-06 17:31:07.182  INFO 20681 --- [TestNG-test=SequenceTest-1] com.example.demo.SequenceTest            : test2+ sequence + filter2
2021-10-06 17:31:07.188  INFO 20681 --- [TestNG-test=SequenceTest-1] com.example.demo.SequenceTest            : test3 + sequence + filter1 
2021-10-06 17:31:07.194  INFO 20681 --- [TestNG-test=SequenceTest-1] com.example.demo.SequenceTest            : test4 + sequence + filter1
2021-10-06 17:31:07.200  INFO 20681 --- [TestNG-test=SequenceTest-1] com.example.demo.SequenceTest            : test5+sequence+param
2021-10-06 17:31:25.907  INFO 20716 --- [TestNG-test=SequenceTest-1] com.example.demo.SequenceTest            : Starting SequenceTest using Java 1.8.0_281 on jiangchaodeMBP with PID 20716 (/Users/jiangchao/Downloads/Spring Boot/demo/target/test-classes started by jiangchao in /Users/jiangchao/Downloads/Spring Boot/demo)
2021-10-06 17:31:25.908  INFO 20716 --- [TestNG-test=SequenceTest-1] com.example.demo.SequenceTest            : The following profiles are active: dev
2021-10-06 17:31:27.269  INFO 20716 --- [TestNG-test=SequenceTest-1] com.example.demo.SequenceTest            : Started SequenceTest in 1.675 seconds (JVM running for 2.562)
2021-10-06 17:31:27.288  INFO 20716 --- [TestNG-test=SequenceTest-1] com.example.demo.SequenceTest            : beforeTest0
2021-10-06 17:31:27.384  INFO 20716 --- [TestNG-test=SequenceTest-1] com.example.demo.SequenceTest            : test1 + sequence 
2021-10-06 17:31:27.398  INFO 20716 --- [TestNG-test=SequenceTest-1] com.example.demo.SequenceTest            : test2+ sequence + filter2
2021-10-06 17:31:27.404  INFO 20716 --- [TestNG-test=SequenceTest-1] com.example.demo.SequenceTest            : test3 + sequence + filter1 
2021-10-06 17:31:27.410  INFO 20716 --- [TestNG-test=SequenceTest-1] com.example.demo.SequenceTest            : test4 + sequence + filter1
2021-10-06 17:31:27.415  INFO 20716 --- [TestNG-test=SequenceTest-1] com.example.demo.SequenceTest            : test5+sequence+param
2021-10-06 19:04:29.983  INFO 20879 --- [TestNG-test=SequenceTest-1] com.example.demo.SequenceTest            : Starting SequenceTest using Java 1.8.0_281 on jiangchaodeMBP with PID 20879 (/Users/jiangchao/Downloads/Spring Boot/demo/target/test-classes started by jiangchao in /Users/jiangchao/Downloads/Spring Boot/demo)
2021-10-06 19:04:29.984  INFO 20879 --- [TestNG-test=SequenceTest-1] com.example.demo.SequenceTest            : The following profiles are active: test
2021-10-06 19:04:31.364  INFO 20879 --- [TestNG-test=SequenceTest-1] com.example.demo.SequenceTest            : Started SequenceTest in 1.683 seconds (JVM running for 2.59)
2021-10-06 19:04:31.380  INFO 20879 --- [TestNG-test=SequenceTest-1] com.example.demo.SequenceTest            : beforeTest0
2021-10-06 19:04:31.488  INFO 20879 --- [TestNG-test=SequenceTest-1] com.example.demo.SequenceTest            : test1 + sequence 
2021-10-06 19:04:31.502  INFO 20879 --- [TestNG-test=SequenceTest-1] com.example.demo.SequenceTest            : test2+ sequence + filter2
2021-10-06 19:04:31.509  INFO 20879 --- [TestNG-test=SequenceTest-1] com.example.demo.SequenceTest            : test3 + sequence + filter1 
2021-10-06 19:04:31.516  INFO 20879 --- [TestNG-test=SequenceTest-1] com.example.demo.SequenceTest            : test4 + sequence + filter1
2021-10-06 19:04:31.522  INFO 20879 --- [TestNG-test=SequenceTest-1] com.example.demo.SequenceTest            : test5+sequence+param
2021-10-06 19:10:30.029  INFO 20917 --- [main] com.example.demo.DemoApplication         : Starting DemoApplication using Java 1.8.0_281 on jiangchaodeMBP with PID 20917 (/Users/jiangchao/Downloads/Spring Boot/demo/target/classes started by jiangchao in /Users/jiangchao/Downloads/Spring Boot/demo)
2021-10-06 19:10:30.031  INFO 20917 --- [main] com.example.demo.DemoApplication         : The following profiles are active: dev
2021-10-06 19:10:30.821  INFO 20917 --- [main] o.s.b.w.embedded.tomcat.TomcatWebServer  : Tomcat initialized with port(s): 8080 (http)
2021-10-06 19:10:30.829  INFO 20917 --- [main] o.apache.catalina.core.StandardService   : Starting service [Tomcat]
2021-10-06 19:10:30.829  INFO 20917 --- [main] org.apache.catalina.core.StandardEngine  : Starting Servlet engine: [Apache Tomcat/9.0.53]
2021-10-06 19:10:30.904  INFO 20917 --- [main] o.a.c.c.C.[Tomcat].[localhost].[/]       : Initializing Spring embedded WebApplicationContext
2021-10-06 19:10:30.904  INFO 20917 --- [main] w.s.c.ServletWebServerApplicationContext : Root WebApplicationContext: initialization completed in 839 ms
2021-10-06 19:10:31.255  INFO 20917 --- [main] o.s.b.w.embedded.tomcat.TomcatWebServer  : Tomcat started on port(s): 8080 (http) with context path ''
2021-10-06 19:10:31.264  INFO 20917 --- [main] com.example.demo.DemoApplication         : Started DemoApplication in 1.665 seconds (JVM running for 2.281)
2021-10-06 19:10:41.661  INFO 20917 --- [http-nio-8080-exec-1] o.a.c.c.C.[Tomcat].[localhost].[/]       : Initializing Spring DispatcherServlet 'dispatcherServlet'
2021-10-06 19:10:41.661  INFO 20917 --- [http-nio-8080-exec-1] o.s.web.servlet.DispatcherServlet        : Initializing Servlet 'dispatcherServlet'
2021-10-06 19:10:41.662  INFO 20917 --- [http-nio-8080-exec-1] o.s.web.servlet.DispatcherServlet        : Completed initialization in 1 ms
2021-10-06 19:10:41.684  INFO 20917 --- [http-nio-8080-exec-1] c.e.demo.controller.UserController       : 日志输出 info
2021-10-06 19:10:41.684  WARN 20917 --- [http-nio-8080-exec-1] c.e.demo.controller.UserController       : 日志输出 warn
2021-10-06 19:10:41.685 ERROR 20917 --- [http-nio-8080-exec-1] c.e.demo.controller.UserController       : 日志输出 error
2021-10-06 19:10:41.791  INFO 20917 --- [http-nio-8080-exec-1] com.zaxxer.hikari.HikariDataSource       : SpringBootDemoHikariCP - Starting...
2021-10-06 19:10:41.912  INFO 20917 --- [http-nio-8080-exec-1] com.zaxxer.hikari.HikariDataSource       : SpringBootDemoHikariCP - Start completed.
2021-10-06 19:11:28.526  INFO 20917 --- [SpringApplicationShutdownHook] com.zaxxer.hikari.HikariDataSource       : SpringBootDemoHikariCP - Shutdown initiated...
2021-10-06 19:11:28.530  INFO 20917 --- [SpringApplicationShutdownHook] com.zaxxer.hikari.HikariDataSource       : SpringBootDemoHikariCP - Shutdown completed.
2021-10-06 19:14:53.005  INFO 20943 --- [TestNG-test=SequenceTest-1] com.example.demo.SequenceTest            : Starting SequenceTest using Java 1.8.0_281 on jiangchaodeMBP with PID 20943 (/Users/jiangchao/Downloads/Spring Boot/demo/target/test-classes started by jiangchao in /Users/jiangchao/Downloads/Spring Boot/demo)
2021-10-06 19:14:53.006  INFO 20943 --- [TestNG-test=SequenceTest-1] com.example.demo.SequenceTest            : The following profiles are active: test
2021-10-06 19:14:54.305  INFO 20943 --- [TestNG-test=SequenceTest-1] com.example.demo.SequenceTest            : Started SequenceTest in 1.601 seconds (JVM running for 2.517)
2021-10-06 19:14:54.322  INFO 20943 --- [TestNG-test=SequenceTest-1] com.example.demo.SequenceTest            : beforeTest0
2021-10-06 19:14:54.427  INFO 20943 --- [TestNG-test=SequenceTest-1] com.example.demo.SequenceTest            : test1 + sequence 
2021-10-06 19:14:54.441  INFO 20943 --- [TestNG-test=SequenceTest-1] com.example.demo.SequenceTest            : test2+ sequence + filter2
2021-10-06 19:14:54.446  INFO 20943 --- [TestNG-test=SequenceTest-1] com.example.demo.SequenceTest            : test3 + sequence + filter1 
2021-10-06 19:14:54.452  INFO 20943 --- [TestNG-test=SequenceTest-1] com.example.demo.SequenceTest            : test4 + sequence + filter1
2021-10-06 19:14:54.457  INFO 20943 --- [TestNG-test=SequenceTest-1] com.example.demo.SequenceTest            : test5+sequence+param
